<?xml version="1.0" encoding="UTF-8"?>
<!-- Generated by org.testng.reporters.JUnitXMLReporter -->
<testsuite ignored="0" hostname="DESKTOP-SEKDPB4" failures="0" tests="3" name="Default test" time="0.088" errors="0" timestamp="2023-10-06T20:57:11 IST">
  <testcase classname="tests.VerifyAdminPage" name="@BeforeTest lauchBrowser" time="-1.696606030899E9">
    <failure type="org.testng.TestNGException" message="
Parameter &amp;apos;browser&amp;apos; is required by BeforeTest on method lauchBrowser but has not been marked @Optional or defined
in C:\Users\akash\AppData\Local\Temp\testng-eclipse-1367872109\testng-customsuite.xml">
      <![CDATA[org.testng.TestNGException: 
Parameter 'browser' is required by BeforeTest on method lauchBrowser but has not been marked @Optional or defined
in C:\Users\akash\AppData\Local\Temp\testng-eclipse-1367872109\testng-customsuite.xml
at org.testng.internal.Parameters.createParams(Parameters.java:270)
at org.testng.internal.Parameters.createParametersForMethod(Parameters.java:358)
at org.testng.internal.Parameters.createParameters(Parameters.java:700)
at org.testng.internal.Parameters.createConfigurationParameters(Parameters.java:168)
at org.testng.internal.ConfigInvoker.invokeConfigurations(ConfigInvoker.java:302)
at org.testng.TestRunner.invokeTestConfigurations(TestRunner.java:637)
at org.testng.TestRunner.beforeRun(TestRunner.java:627)
at org.testng.TestRunner.run(TestRunner.java:589)
at org.testng.SuiteRunner.runTest(SuiteRunner.java:377)
at org.testng.SuiteRunner.runSequentially(SuiteRunner.java:371)
at org.testng.SuiteRunner.privateRun(SuiteRunner.java:332)
at org.testng.SuiteRunner.run(SuiteRunner.java:276)
at org.testng.SuiteRunnerWorker.runSuite(SuiteRunnerWorker.java:53)
at org.testng.SuiteRunnerWorker.run(SuiteRunnerWorker.java:96)
at org.testng.TestNG.runSuitesSequentially(TestNG.java:1212)
at org.testng.TestNG.runSuitesLocally(TestNG.java:1134)
at org.testng.TestNG.runSuites(TestNG.java:1063)
at org.testng.TestNG.run(TestNG.java:1031)
at org.testng.remote.AbstractRemoteTestNG.run(AbstractRemoteTestNG.java:115)
at org.testng.remote.RemoteTestNG.initAndRun(RemoteTestNG.java:251)
at org.testng.remote.RemoteTestNG.main(RemoteTestNG.java:77)
]]>
    </failure>
  </testcase> <!-- @BeforeTest lauchBrowser -->
  <testcase classname="tests.VerifyAdminPage" name="@BeforeClass creatingPOMObject" time="-1.696606030935E9">
    <skipped/>
  </testcase> <!-- @BeforeClass creatingPOMObject -->
  <testcase classname="tests.VerifyAdminPage" name="@BeforeMethod openAdminPage" time="-1.696606030947E9">
    <skipped/>
  </testcase> <!-- @BeforeMethod openAdminPage -->
  <testcase classname="tests.VerifyAdminPage" name="@AfterMethod logoutFromApplication" time="-1.696606030964E9">
    <skipped/>
  </testcase> <!-- @AfterMethod logoutFromApplication -->
  <testcase classname="tests.VerifyAdminPage" name="@BeforeMethod openAdminPage" time="-1.696606030967E9">
    <skipped/>
  </testcase> <!-- @BeforeMethod openAdminPage -->
  <testcase classname="tests.VerifyAdminPage" name="@AfterMethod logoutFromApplication" time="-1.69660603097E9">
    <skipped/>
  </testcase> <!-- @AfterMethod logoutFromApplication -->
  <testcase classname="tests.VerifyAdminPage" name="@BeforeMethod openAdminPage" time="-1.696606030971E9">
    <skipped/>
  </testcase> <!-- @BeforeMethod openAdminPage -->
  <testcase classname="tests.VerifyAdminPage" name="@AfterMethod logoutFromApplication" time="-1.696606030975E9">
    <skipped/>
  </testcase> <!-- @AfterMethod logoutFromApplication -->
  <testcase classname="tests.VerifyAdminPage" name="@AfterClass clearObject" time="-1.696606030976E9">
    <skipped/>
  </testcase> <!-- @AfterClass clearObject -->
  <testcase classname="tests.VerifyAdminPage" name="@AfterTest closeBrower" time="-1.696606030979E9">
    <skipped/>
  </testcase> <!-- @AfterTest closeBrower -->
  <testcase classname="tests.VerifyAdminPage" name="toVerifyDeleteFunctionalityOnAdminPage_12002" time="0.0">
    <skipped/>
  </testcase> <!-- toVerifyDeleteFunctionalityOnAdminPage_12002 -->
  <testcase classname="tests.VerifyAdminPage" name="toVerifyDeleteFunctionalityOnAdminPage_12003" time="0.0">
    <skipped/>
  </testcase> <!-- toVerifyDeleteFunctionalityOnAdminPage_12003 -->
  <testcase classname="tests.VerifyAdminPage" name="toVerifySearchOnAdminPage_1101" time="0.0">
    <skipped/>
  </testcase> <!-- toVerifySearchOnAdminPage_1101 -->
</testsuite> <!-- Default test -->
