<?xml version="1.0" encoding="UTF-8"?>
<!-- Generated by org.testng.reporters.JUnitXMLReporter -->
<testsuite ignored="0" hostname="DESKTOP-SEKDPB4" failures="0" tests="3" name="ChromeTest" time="2.589" errors="0" timestamp="2023-10-06T20:58:58 IST">
  <testcase classname="tests.VerifyAdminPage" name="@BeforeTest lauchBrowser" time="2.511">
    <failure type="java.lang.NullPointerException" message="Cannot invoke &amp;quot;org.openqa.selenium.WebDriver.manage()&amp;quot; because &amp;quot;this.driver&amp;quot; is null">
      <![CDATA[java.lang.NullPointerException: Cannot invoke "org.openqa.selenium.WebDriver.manage()" because "this.driver" is null
at tests.VerifyAdminPage.lauchBrowser(VerifyAdminPage.java:56)
... Removed 22 stack frames]]>
    </failure>
  </testcase> <!-- @BeforeTest lauchBrowser -->
  <testcase classname="tests.VerifyAdminPage" name="@BeforeClass creatingPOMObject" time="-1.696606138146E9">
    <skipped/>
  </testcase> <!-- @BeforeClass creatingPOMObject -->
  <testcase classname="tests.VerifyAdminPage" name="@BeforeMethod openAdminPage" time="-1.696606138163E9">
    <skipped/>
  </testcase> <!-- @BeforeMethod openAdminPage -->
  <testcase classname="tests.VerifyAdminPage" name="@AfterMethod logoutFromApplication" time="-1.69660613817E9">
    <skipped/>
  </testcase> <!-- @AfterMethod logoutFromApplication -->
  <testcase classname="tests.VerifyAdminPage" name="@BeforeMethod openAdminPage" time="-1.696606138171E9">
    <skipped/>
  </testcase> <!-- @BeforeMethod openAdminPage -->
  <testcase classname="tests.VerifyAdminPage" name="@AfterMethod logoutFromApplication" time="-1.696606138177E9">
    <skipped/>
  </testcase> <!-- @AfterMethod logoutFromApplication -->
  <testcase classname="tests.VerifyAdminPage" name="@BeforeMethod openAdminPage" time="-1.696606138179E9">
    <skipped/>
  </testcase> <!-- @BeforeMethod openAdminPage -->
  <testcase classname="tests.VerifyAdminPage" name="@AfterMethod logoutFromApplication" time="-1.696606138181E9">
    <skipped/>
  </testcase> <!-- @AfterMethod logoutFromApplication -->
  <testcase classname="tests.VerifyAdminPage" name="@AfterClass clearObject" time="-1.696606138183E9">
    <skipped/>
  </testcase> <!-- @AfterClass clearObject -->
  <testcase classname="tests.VerifyAdminPage" name="@AfterTest closeBrower" time="-1.696606138184E9">
    <skipped/>
  </testcase> <!-- @AfterTest closeBrower -->
  <testcase classname="tests.VerifyAdminPage" name="toVerifyDeleteFunctionalityOnAdminPage_12002" time="0.0">
    <skipped/>
  </testcase> <!-- toVerifyDeleteFunctionalityOnAdminPage_12002 -->
  <testcase classname="tests.VerifyAdminPage" name="toVerifyDeleteFunctionalityOnAdminPage_12003" time="0.0">
    <skipped/>
  </testcase> <!-- toVerifyDeleteFunctionalityOnAdminPage_12003 -->
  <testcase classname="tests.VerifyAdminPage" name="toVerifySearchOnAdminPage_1101" time="0.0">
    <skipped/>
  </testcase> <!-- toVerifySearchOnAdminPage_1101 -->
</testsuite> <!-- ChromeTest -->
